Detecting C compiler ABI info failed to compile with the following output:
Change Dir: C:/Users/gogop/CLionProjects/Zenith/cmake-build-debug/CMakeFiles/CMakeScratch/TryCompile-txhhuj

Run Build Command(s):C:/Program Files/JetBrains/CLion 2023.1.4/bin/ninja/win/x64/ninja.exe cmTC_6e8df && [1/2] Building C object CMakeFiles\cmTC_6e8df.dir\CMakeCCompilerABI.c.obj
[2/2] Linking C executable cmTC_6e8df.exe
FAILED: cmTC_6e8df.exe 
cmd.exe /C "cd . && "C:\Program Files\JetBrains\CLion 2023.1.4\bin\cmake\win\x64\bin\cmake.exe" -E vs_link_exe --intdir=CMakeFiles\cmTC_6e8df.dir --rc=C:\PROGRA~2\WI3CF2~1\10\bin\100226~1.0\x64\rc.exe --mt=C:\PROGRA~2\WI3CF2~1\10\bin\100226~1.0\x64\mt.exe --manifests  -- C:\PROGRA~1\MIB055~1\2022\COMMUN~1\VC\Tools\MSVC\1443~1.348\bin\Hostx64\x64\link.exe /nologo CMakeFiles\cmTC_6e8df.dir\CMakeCCompilerABI.c.obj  /out:cmTC_6e8df.exe /implib:cmTC_6e8df.lib /pdb:cmTC_6e8df.pdb /version:0.0 /machine:x64  /debug /INCREMENTAL /subsystem:console  kernel32.lib user32.lib gdi32.lib winspool.lib shell32.lib ole32.lib oleaut32.lib uuid.lib comdlg32.lib advapi32.lib && cd ."
LINK Pass 1: command "C:\PROGRA~1\MIB055~1\2022\COMMUN~1\VC\Tools\MSVC\1443~1.348\bin\Hostx64\x64\link.exe /nologo CMakeFiles\cmTC_6e8df.dir\CMakeCCompilerABI.c.obj /out:cmTC_6e8df.exe /implib:cmTC_6e8df.lib /pdb:cmTC_6e8df.pdb /version:0.0 /machine:x64 /debug /INCREMENTAL /subsystem:console kernel32.lib user32.lib gdi32.lib winspool.lib shell32.lib ole32.lib oleaut32.lib uuid.lib comdlg32.lib advapi32.lib /MANIFEST /MANIFESTFILE:CMakeFiles\cmTC_6e8df.dir/intermediate.manifest CMakeFiles\cmTC_6e8df.dir/manifest.res" failed (exit code 1120) with the following output:
MSVCRTD.lib(utility_app.obj) : error LNK2019: unresolved external symbol __imp_RoInitialize referenced in function __scrt_initialize_winrt
cmTC_6e8df.exe : fatal error LNK1120: 1 unresolved externals
ninja: build stopped: subcommand failed.




Determining if the C compiler works failed with the following output:
Change Dir: C:/Users/gogop/CLionProjects/Zenith/cmake-build-debug/CMakeFiles/CMakeScratch/TryCompile-10vxb5

Run Build Command(s):C:/Program Files/JetBrains/CLion 2023.1.4/bin/ninja/win/x64/ninja.exe cmTC_f89b8 && [1/2] Building C object CMakeFiles\cmTC_f89b8.dir\testCCompiler.c.obj
[2/2] Linking C executable cmTC_f89b8.exe
FAILED: cmTC_f89b8.exe 
cmd.exe /C "cd . && "C:\Program Files\JetBrains\CLion 2023.1.4\bin\cmake\win\x64\bin\cmake.exe" -E vs_link_exe --intdir=CMakeFiles\cmTC_f89b8.dir --rc=C:\PROGRA~2\WI3CF2~1\10\bin\100226~1.0\x64\rc.exe --mt=C:\PROGRA~2\WI3CF2~1\10\bin\100226~1.0\x64\mt.exe --manifests  -- C:\PROGRA~1\MIB055~1\2022\COMMUN~1\VC\Tools\MSVC\1443~1.348\bin\Hostx64\x64\link.exe /nologo CMakeFiles\cmTC_f89b8.dir\testCCompiler.c.obj  /out:cmTC_f89b8.exe /implib:cmTC_f89b8.lib /pdb:cmTC_f89b8.pdb /version:0.0 /machine:x64  /debug /INCREMENTAL /subsystem:console  kernel32.lib user32.lib gdi32.lib winspool.lib shell32.lib ole32.lib oleaut32.lib uuid.lib comdlg32.lib advapi32.lib && cd ."
LINK Pass 1: command "C:\PROGRA~1\MIB055~1\2022\COMMUN~1\VC\Tools\MSVC\1443~1.348\bin\Hostx64\x64\link.exe /nologo CMakeFiles\cmTC_f89b8.dir\testCCompiler.c.obj /out:cmTC_f89b8.exe /implib:cmTC_f89b8.lib /pdb:cmTC_f89b8.pdb /version:0.0 /machine:x64 /debug /INCREMENTAL /subsystem:console kernel32.lib user32.lib gdi32.lib winspool.lib shell32.lib ole32.lib oleaut32.lib uuid.lib comdlg32.lib advapi32.lib /MANIFEST /MANIFESTFILE:CMakeFiles\cmTC_f89b8.dir/intermediate.manifest CMakeFiles\cmTC_f89b8.dir/manifest.res" failed (exit code 1120) with the following output:
MSVCRTD.lib(utility_app.obj) : error LNK2019: unresolved external symbol __imp_RoInitialize referenced in function __scrt_initialize_winrt
cmTC_f89b8.exe : fatal error LNK1120: 1 unresolved externals
ninja: build stopped: subcommand failed.



Detecting C compiler ABI info failed to compile with the following output:
Change Dir: C:/Users/gogop/CLionProjects/Zenith/cmake-build-debug/CMakeFiles/CMakeScratch/TryCompile-w3mlrm

Run Build Command(s):C:/Program Files/JetBrains/CLion 2023.1.4/bin/ninja/win/x64/ninja.exe cmTC_66d96 && [1/2] Building C object CMakeFiles\cmTC_66d96.dir\CMakeCCompilerABI.c.obj
[2/2] Linking C executable cmTC_66d96.exe
FAILED: cmTC_66d96.exe 
cmd.exe /C "cd . && "C:\Program Files\JetBrains\CLion 2023.1.4\bin\cmake\win\x64\bin\cmake.exe" -E vs_link_exe --intdir=CMakeFiles\cmTC_66d96.dir --rc=C:\PROGRA~2\WI3CF2~1\10\bin\100226~1.0\x64\rc.exe --mt=C:\PROGRA~2\WI3CF2~1\10\bin\100226~1.0\x64\mt.exe --manifests  -- C:\PROGRA~1\MIB055~1\2022\COMMUN~1\VC\Tools\MSVC\1443~1.348\bin\Hostx64\x64\link.exe /nologo CMakeFiles\cmTC_66d96.dir\CMakeCCompilerABI.c.obj  /out:cmTC_66d96.exe /implib:cmTC_66d96.lib /pdb:cmTC_66d96.pdb /version:0.0 /machine:x64  /debug /INCREMENTAL /subsystem:console  kernel32.lib user32.lib gdi32.lib winspool.lib shell32.lib ole32.lib oleaut32.lib uuid.lib comdlg32.lib advapi32.lib && cd ."
LINK Pass 1: command "C:\PROGRA~1\MIB055~1\2022\COMMUN~1\VC\Tools\MSVC\1443~1.348\bin\Hostx64\x64\link.exe /nologo CMakeFiles\cmTC_66d96.dir\CMakeCCompilerABI.c.obj /out:cmTC_66d96.exe /implib:cmTC_66d96.lib /pdb:cmTC_66d96.pdb /version:0.0 /machine:x64 /debug /INCREMENTAL /subsystem:console kernel32.lib user32.lib gdi32.lib winspool.lib shell32.lib ole32.lib oleaut32.lib uuid.lib comdlg32.lib advapi32.lib /MANIFEST /MANIFESTFILE:CMakeFiles\cmTC_66d96.dir/intermediate.manifest CMakeFiles\cmTC_66d96.dir/manifest.res" failed (exit code 1120) with the following output:
MSVCRTD.lib(utility_app.obj) : error LNK2019: unresolved external symbol __imp_RoInitialize referenced in function __scrt_initialize_winrt
cmTC_66d96.exe : fatal error LNK1120: 1 unresolved externals
ninja: build stopped: subcommand failed.




Determining if the C compiler works failed with the following output:
Change Dir: C:/Users/gogop/CLionProjects/Zenith/cmake-build-debug/CMakeFiles/CMakeScratch/TryCompile-g9x266

Run Build Command(s):C:/Program Files/JetBrains/CLion 2023.1.4/bin/ninja/win/x64/ninja.exe cmTC_3562b && [1/2] Building C object CMakeFiles\cmTC_3562b.dir\testCCompiler.c.obj
[2/2] Linking C executable cmTC_3562b.exe
FAILED: cmTC_3562b.exe 
cmd.exe /C "cd . && "C:\Program Files\JetBrains\CLion 2023.1.4\bin\cmake\win\x64\bin\cmake.exe" -E vs_link_exe --intdir=CMakeFiles\cmTC_3562b.dir --rc=C:\PROGRA~2\WI3CF2~1\10\bin\100226~1.0\x64\rc.exe --mt=C:\PROGRA~2\WI3CF2~1\10\bin\100226~1.0\x64\mt.exe --manifests  -- C:\PROGRA~1\MIB055~1\2022\COMMUN~1\VC\Tools\MSVC\1443~1.348\bin\Hostx64\x64\link.exe /nologo CMakeFiles\cmTC_3562b.dir\testCCompiler.c.obj  /out:cmTC_3562b.exe /implib:cmTC_3562b.lib /pdb:cmTC_3562b.pdb /version:0.0 /machine:x64  /debug /INCREMENTAL /subsystem:console  kernel32.lib user32.lib gdi32.lib winspool.lib shell32.lib ole32.lib oleaut32.lib uuid.lib comdlg32.lib advapi32.lib && cd ."
LINK Pass 1: command "C:\PROGRA~1\MIB055~1\2022\COMMUN~1\VC\Tools\MSVC\1443~1.348\bin\Hostx64\x64\link.exe /nologo CMakeFiles\cmTC_3562b.dir\testCCompiler.c.obj /out:cmTC_3562b.exe /implib:cmTC_3562b.lib /pdb:cmTC_3562b.pdb /version:0.0 /machine:x64 /debug /INCREMENTAL /subsystem:console kernel32.lib user32.lib gdi32.lib winspool.lib shell32.lib ole32.lib oleaut32.lib uuid.lib comdlg32.lib advapi32.lib /MANIFEST /MANIFESTFILE:CMakeFiles\cmTC_3562b.dir/intermediate.manifest CMakeFiles\cmTC_3562b.dir/manifest.res" failed (exit code 1120) with the following output:
MSVCRTD.lib(utility_app.obj) : error LNK2019: unresolved external symbol __imp_RoInitialize referenced in function __scrt_initialize_winrt
cmTC_3562b.exe : fatal error LNK1120: 1 unresolved externals
ninja: build stopped: subcommand failed.



Detecting C compiler ABI info failed to compile with the following output:
Change Dir: C:/Users/gogop/CLionProjects/Zenith/cmake-build-debug/CMakeFiles/CMakeScratch/TryCompile-bilipz

Run Build Command(s):C:/Program Files/JetBrains/CLion 2023.1.4/bin/ninja/win/x64/ninja.exe cmTC_6999a && [1/2] Building C object CMakeFiles\cmTC_6999a.dir\CMakeCCompilerABI.c.obj
[2/2] Linking C executable cmTC_6999a.exe
FAILED: cmTC_6999a.exe 
cmd.exe /C "cd . && "C:\Program Files\JetBrains\CLion 2023.1.4\bin\cmake\win\x64\bin\cmake.exe" -E vs_link_exe --intdir=CMakeFiles\cmTC_6999a.dir --rc=C:\PROGRA~2\WI3CF2~1\10\bin\100226~1.0\x64\rc.exe --mt=C:\PROGRA~2\WI3CF2~1\10\bin\100226~1.0\x64\mt.exe --manifests  -- C:\PROGRA~1\MIB055~1\2022\COMMUN~1\VC\Tools\MSVC\1443~1.348\bin\Hostx64\x64\link.exe /nologo CMakeFiles\cmTC_6999a.dir\CMakeCCompilerABI.c.obj  /out:cmTC_6999a.exe /implib:cmTC_6999a.lib /pdb:cmTC_6999a.pdb /version:0.0 /machine:x64  /debug /INCREMENTAL /subsystem:console  kernel32.lib user32.lib gdi32.lib winspool.lib shell32.lib ole32.lib oleaut32.lib uuid.lib comdlg32.lib advapi32.lib && cd ."
LINK Pass 1: command "C:\PROGRA~1\MIB055~1\2022\COMMUN~1\VC\Tools\MSVC\1443~1.348\bin\Hostx64\x64\link.exe /nologo CMakeFiles\cmTC_6999a.dir\CMakeCCompilerABI.c.obj /out:cmTC_6999a.exe /implib:cmTC_6999a.lib /pdb:cmTC_6999a.pdb /version:0.0 /machine:x64 /debug /INCREMENTAL /subsystem:console kernel32.lib user32.lib gdi32.lib winspool.lib shell32.lib ole32.lib oleaut32.lib uuid.lib comdlg32.lib advapi32.lib /MANIFEST /MANIFESTFILE:CMakeFiles\cmTC_6999a.dir/intermediate.manifest CMakeFiles\cmTC_6999a.dir/manifest.res" failed (exit code 1120) with the following output:
MSVCRTD.lib(utility_app.obj) : error LNK2019: unresolved external symbol __imp_RoInitialize referenced in function __scrt_initialize_winrt
cmTC_6999a.exe : fatal error LNK1120: 1 unresolved externals
ninja: build stopped: subcommand failed.




Determining if the C compiler works failed with the following output:
Change Dir: C:/Users/gogop/CLionProjects/Zenith/cmake-build-debug/CMakeFiles/CMakeScratch/TryCompile-b610eo

Run Build Command(s):C:/Program Files/JetBrains/CLion 2023.1.4/bin/ninja/win/x64/ninja.exe cmTC_9f493 && [1/2] Building C object CMakeFiles\cmTC_9f493.dir\testCCompiler.c.obj
[2/2] Linking C executable cmTC_9f493.exe
FAILED: cmTC_9f493.exe 
cmd.exe /C "cd . && "C:\Program Files\JetBrains\CLion 2023.1.4\bin\cmake\win\x64\bin\cmake.exe" -E vs_link_exe --intdir=CMakeFiles\cmTC_9f493.dir --rc=C:\PROGRA~2\WI3CF2~1\10\bin\100226~1.0\x64\rc.exe --mt=C:\PROGRA~2\WI3CF2~1\10\bin\100226~1.0\x64\mt.exe --manifests  -- C:\PROGRA~1\MIB055~1\2022\COMMUN~1\VC\Tools\MSVC\1443~1.348\bin\Hostx64\x64\link.exe /nologo CMakeFiles\cmTC_9f493.dir\testCCompiler.c.obj  /out:cmTC_9f493.exe /implib:cmTC_9f493.lib /pdb:cmTC_9f493.pdb /version:0.0 /machine:x64  /debug /INCREMENTAL /subsystem:console  kernel32.lib user32.lib gdi32.lib winspool.lib shell32.lib ole32.lib oleaut32.lib uuid.lib comdlg32.lib advapi32.lib && cd ."
LINK Pass 1: command "C:\PROGRA~1\MIB055~1\2022\COMMUN~1\VC\Tools\MSVC\1443~1.348\bin\Hostx64\x64\link.exe /nologo CMakeFiles\cmTC_9f493.dir\testCCompiler.c.obj /out:cmTC_9f493.exe /implib:cmTC_9f493.lib /pdb:cmTC_9f493.pdb /version:0.0 /machine:x64 /debug /INCREMENTAL /subsystem:console kernel32.lib user32.lib gdi32.lib winspool.lib shell32.lib ole32.lib oleaut32.lib uuid.lib comdlg32.lib advapi32.lib /MANIFEST /MANIFESTFILE:CMakeFiles\cmTC_9f493.dir/intermediate.manifest CMakeFiles\cmTC_9f493.dir/manifest.res" failed (exit code 1120) with the following output:
MSVCRTD.lib(utility_app.obj) : error LNK2019: unresolved external symbol __imp_RoInitialize referenced in function __scrt_initialize_winrt
cmTC_9f493.exe : fatal error LNK1120: 1 unresolved externals
ninja: build stopped: subcommand failed.



