Detecting C compiler ABI info failed to compile with the following output:
Change Dir: C:/Users/gogop/CLionProjects/Zenith/cmake-build-debug-visual-studio/CMakeFiles/CMakeScratch/TryCompile-3t6xnt

Run Build Command(s):C:/Program Files/JetBrains/CLion 2023.1.4/bin/ninja/win/x64/ninja.exe cmTC_66d19 && [1/2] Building C object CMakeFiles\cmTC_66d19.dir\CMakeCCompilerABI.c.obj
[2/2] Linking C executable cmTC_66d19.exe
FAILED: cmTC_66d19.exe 
cmd.exe /C "cd . && "C:\Program Files\JetBrains\CLion 2023.1.4\bin\cmake\win\x64\bin\cmake.exe" -E vs_link_exe --intdir=CMakeFiles\cmTC_66d19.dir --rc=C:\PROGRA~2\WI3CF2~1\10\bin\100226~1.0\x64\rc.exe --mt=C:\PROGRA~2\WI3CF2~1\10\bin\100226~1.0\x64\mt.exe --manifests  -- C:\PROGRA~1\MIB055~1\2022\COMMUN~1\VC\Tools\MSVC\1443~1.348\bin\Hostx64\x64\link.exe /nologo CMakeFiles\cmTC_66d19.dir\CMakeCCompilerABI.c.obj  /out:cmTC_66d19.exe /implib:cmTC_66d19.lib /pdb:cmTC_66d19.pdb /version:0.0 /machine:x64  /debug /INCREMENTAL /subsystem:console  kernel32.lib user32.lib gdi32.lib winspool.lib shell32.lib ole32.lib oleaut32.lib uuid.lib comdlg32.lib advapi32.lib && cd ."
LINK Pass 1: command "C:\PROGRA~1\MIB055~1\2022\COMMUN~1\VC\Tools\MSVC\1443~1.348\bin\Hostx64\x64\link.exe /nologo CMakeFiles\cmTC_66d19.dir\CMakeCCompilerABI.c.obj /out:cmTC_66d19.exe /implib:cmTC_66d19.lib /pdb:cmTC_66d19.pdb /version:0.0 /machine:x64 /debug /INCREMENTAL /subsystem:console kernel32.lib user32.lib gdi32.lib winspool.lib shell32.lib ole32.lib oleaut32.lib uuid.lib comdlg32.lib advapi32.lib /MANIFEST /MANIFESTFILE:CMakeFiles\cmTC_66d19.dir/intermediate.manifest CMakeFiles\cmTC_66d19.dir/manifest.res" failed (exit code 1120) with the following output:
MSVCRTD.lib(utility_app.obj) : error LNK2019: unresolved external symbol __imp_RoInitialize referenced in function __scrt_initialize_winrt
cmTC_66d19.exe : fatal error LNK1120: 1 unresolved externals
ninja: build stopped: subcommand failed.




Determining if the C compiler works failed with the following output:
Change Dir: C:/Users/gogop/CLionProjects/Zenith/cmake-build-debug-visual-studio/CMakeFiles/CMakeScratch/TryCompile-wzqsaj

Run Build Command(s):C:/Program Files/JetBrains/CLion 2023.1.4/bin/ninja/win/x64/ninja.exe cmTC_0ed6e && [1/2] Building C object CMakeFiles\cmTC_0ed6e.dir\testCCompiler.c.obj
[2/2] Linking C executable cmTC_0ed6e.exe
FAILED: cmTC_0ed6e.exe 
cmd.exe /C "cd . && "C:\Program Files\JetBrains\CLion 2023.1.4\bin\cmake\win\x64\bin\cmake.exe" -E vs_link_exe --intdir=CMakeFiles\cmTC_0ed6e.dir --rc=C:\PROGRA~2\WI3CF2~1\10\bin\100226~1.0\x64\rc.exe --mt=C:\PROGRA~2\WI3CF2~1\10\bin\100226~1.0\x64\mt.exe --manifests  -- C:\PROGRA~1\MIB055~1\2022\COMMUN~1\VC\Tools\MSVC\1443~1.348\bin\Hostx64\x64\link.exe /nologo CMakeFiles\cmTC_0ed6e.dir\testCCompiler.c.obj  /out:cmTC_0ed6e.exe /implib:cmTC_0ed6e.lib /pdb:cmTC_0ed6e.pdb /version:0.0 /machine:x64  /debug /INCREMENTAL /subsystem:console  kernel32.lib user32.lib gdi32.lib winspool.lib shell32.lib ole32.lib oleaut32.lib uuid.lib comdlg32.lib advapi32.lib && cd ."
LINK Pass 1: command "C:\PROGRA~1\MIB055~1\2022\COMMUN~1\VC\Tools\MSVC\1443~1.348\bin\Hostx64\x64\link.exe /nologo CMakeFiles\cmTC_0ed6e.dir\testCCompiler.c.obj /out:cmTC_0ed6e.exe /implib:cmTC_0ed6e.lib /pdb:cmTC_0ed6e.pdb /version:0.0 /machine:x64 /debug /INCREMENTAL /subsystem:console kernel32.lib user32.lib gdi32.lib winspool.lib shell32.lib ole32.lib oleaut32.lib uuid.lib comdlg32.lib advapi32.lib /MANIFEST /MANIFESTFILE:CMakeFiles\cmTC_0ed6e.dir/intermediate.manifest CMakeFiles\cmTC_0ed6e.dir/manifest.res" failed (exit code 1120) with the following output:
MSVCRTD.lib(utility_app.obj) : error LNK2019: unresolved external symbol __imp_RoInitialize referenced in function __scrt_initialize_winrt
cmTC_0ed6e.exe : fatal error LNK1120: 1 unresolved externals
ninja: build stopped: subcommand failed.



